#
# There is insufficient memory for the Java Runtime Environment to continue.
# Native memory allocation (malloc) failed to allocate 1048576 bytes. Error detail: AllocateHeap
# Possible reasons:
#   The system is out of physical RAM or swap space
#   This process is running with CompressedOops enabled, and the Java Heap may be blocking the growth of the native heap
# Possible solutions:
#   Reduce memory load on the system
#   Increase physical memory or swap space
#   Check if swap backing store is full
#   Decrease Java heap size (-Xmx/-Xms)
#   Decrease number of Java threads
#   Decrease Java thread stack sizes (-Xss)
#   Set larger code cache with -XX:ReservedCodeCacheSize=
#   JVM is running with Unscaled Compressed Oops mode in which the Java heap is
#     placed in the first 4GB address space. The Java Heap base address is the
#     maximum limit for the native heap growth. Please use -XX:HeapBaseMinAddress
#     to set the Java Heap base and to place the Java Heap above 4GB virtual address.
# This output file may be truncated or incomplete.
#
#  Out of Memory Error (allocation.cpp:44), pid=9092, tid=12156
#
# JRE version: OpenJDK Runtime Environment Temurin-21.0.10+7 (21.0.10+7) (build 21.0.10+7-LTS)
# Java VM: OpenJDK 64-Bit Server VM Temurin-21.0.10+7 (21.0.10+7-LTS, mixed mode, sharing, tiered, compressed oops, compressed class ptrs, parallel gc, windows-amd64)
# No core dump will be written. Minidumps are not enabled by default on client versions of Windows
#

---------------  S U M M A R Y ------------

Command Line: --add-modules=ALL-SYSTEM --add-opens=java.base/java.util=ALL-UNNAMED --add-opens=java.base/java.lang=ALL-UNNAMED --add-opens=java.base/sun.nio.fs=ALL-UNNAMED -Declipse.application=org.eclipse.jdt.ls.core.id1 -Dosgi.bundles.defaultStartLevel=4 -Declipse.product=org.eclipse.jdt.ls.core.product -Djava.import.generatesMetadataFilesAtProjectRoot=false -DDetectVMInstallationsJob.disabled=true -Dfile.encoding=utf8 -XX:+UseParallelGC -XX:GCTimeRatio=4 -XX:AdaptiveSizePolicyWeight=90 -Dsun.zip.disableMemoryMapping=true -Xmx2G -Xms100m -Xlog:disable -javaagent:c:\Users\BusinessComputers.in\.vscode\extensions\redhat.java-1.54.0-win32-x64\lombok\lombok-1.18.39-4050.jar -XX:+HeapDumpOnOutOfMemoryError -XX:HeapDumpPath=c:\Users\BusinessComputers.in\AppData\Roaming\Code\User\workspaceStorage\0bf0819a17e9ef85bfe61748ef5f6c20\redhat.java -Daether.dependencyCollector.impl=bf c:\Users\BusinessComputers.in\.vscode\extensions\redhat.java-1.54.0-win32-x64\server\plugins\org.eclipse.equinox.launcher_1.7.100.v20251111-0406.jar -configuration c:\Users\BusinessComputers.in\AppData\Roaming\Code\User\globalStorage\redhat.java\1.54.0\config_win -data c:\Users\BusinessComputers.in\AppData\Roaming\Code\User\workspaceStorage\0bf0819a17e9ef85bfe61748ef5f6c20\redhat.java\jdt_ws --pipe=\\.\pipe\lsp-9833a997b0a1d665bae4347cc6a8a26a-sock

Host: Intel(R) Core(TM) i5-6300U CPU @ 2.40GHz, 4 cores, 7G,  Windows 10 , 64 bit Build 19041 (10.0.19041.5915)
Time: Wed Jun 17 18:31:37 2026 India Standard Time elapsed time: 1112.044445 seconds (0d 0h 18m 32s)

---------------  T H R E A D  ---------------

Current thread (0x0000018ca3a329e0):  JavaThread "Attach Listener" daemon [_thread_in_vm, id=12156, stack(0x000000069bd00000,0x000000069be00000) (1024K)]

Stack: [0x000000069bd00000,0x000000069be00000]
Native frames: (J=compiled Java code, j=interpreted, Vv=VM code, C=native code)
V  [jvm.dll+0x6d7a39]
V  [jvm.dll+0x8b4b26]
V  [jvm.dll+0x8b70de]
V  [jvm.dll+0x8b77c3]
V  [jvm.dll+0x284346]
V  [jvm.dll+0xc1277]
V  [jvm.dll+0x6d82e9]
V  [jvm.dll+0x1334a6]
V  [jvm.dll+0x3f857e]
V  [jvm.dll+0x85f59d]
V  [jvm.dll+0x6d626d]
C  [ucrtbase.dll+0x21bb2]
C  [KERNEL32.DLL+0x17374]
C  [ntdll.dll+0x4cc91]


---------------  P R O C E S S  ---------------

Threads class SMR info:
_java_thread_list=0x0000018ceb481680, length=31, elements={
0x0000018c8d041550, 0x0000018ca3a2c420, 0x0000018ca3a2d870, 0x0000018ca3a31f80,
0x0000018ca3a329e0, 0x0000018ca3a33440, 0x0000018ca3a33ea0, 0x0000018ca3a34ce0,
0x0000018ca3aa6020, 0x0000018ce58e8f40, 0x0000018ce59fd9c0, 0x0000018cea75f4c0,
0x0000018cea61e3c0, 0x0000018ce59a5d40, 0x0000018cea5bc880, 0x0000018cea5c0a90,
0x0000018cea20de00, 0x0000018cea9426e0, 0x0000018ceaabff90, 0x0000018ceaabd830,
0x0000018ceaabf270, 0x0000018ceaabebe0, 0x0000018ceaac0620, 0x0000018ceaabd1a0,
0x0000018ced4ebca0, 0x0000018ced4edd70, 0x0000018ced4ed6e0, 0x0000018ced4ec330,
0x0000018ced4ec9c0, 0x0000018ced4ed050, 0x0000018ceb174bc0
}

Java Threads: ( => current thread )
  0x0000018c8d041550 JavaThread "main"                              [_thread_blocked, id=9064, stack(0x000000069b600000,0x000000069b700000) (1024K)]
  0x0000018ca3a2c420 JavaThread "Reference Handler"          daemon [_thread_blocked, id=9792, stack(0x000000069ba00000,0x000000069bb00000) (1024K)]
  0x0000018ca3a2d870 JavaThread "Finalizer"                  daemon [_thread_blocked, id=2148, stack(0x000000069bb00000,0x000000069bc00000) (1024K)]
  0x0000018ca3a31f80 JavaThread "Signal Dispatcher"          daemon [_thread_blocked, id=12764, stack(0x000000069bc00000,0x000000069bd00000) (1024K)]
=>0x0000018ca3a329e0 JavaThread "Attach Listener"            daemon [_thread_in_vm, id=12156, stack(0x000000069bd00000,0x000000069be00000) (1024K)]
  0x0000018ca3a33440 JavaThread "Service Thread"             daemon [_thread_blocked, id=2884, stack(0x000000069be00000,0x000000069bf00000) (1024K)]
  0x0000018ca3a33ea0 JavaThread "Monitor Deflation Thread"   daemon [_thread_blocked, id=4584, stack(0x000000069bf00000,0x000000069c000000) (1024K)]
  0x0000018ca3a34ce0 JavaThread "C2 CompilerThread0"         daemon [_thread_blocked, id=3012, stack(0x000000069c000000,0x000000069c100000) (1024K)]
  0x0000018ca3aa6020 JavaThread "C1 CompilerThread0"         daemon [_thread_blocked, id=9292, stack(0x000000069c100000,0x000000069c200000) (1024K)]
  0x0000018ce58e8f40 JavaThread "Common-Cleaner"             daemon [_thread_blocked, id=10132, stack(0x000000069c200000,0x000000069c300000) (1024K)]
  0x0000018ce59fd9c0 JavaThread "Notification Thread"        daemon [_thread_blocked, id=10800, stack(0x000000069c300000,0x000000069c400000) (1024K)]
  0x0000018cea75f4c0 JavaThread "Active Thread: Equinox Container: c194c8ea-f584-4966-bda4-91897cfc76b3"        [_thread_blocked, id=8808, stack(0x000000069c800000,0x000000069c900000) (1024K)]
  0x0000018cea61e3c0 JavaThread "Refresh Thread: Equinox Container: c194c8ea-f584-4966-bda4-91897cfc76b3" daemon [_thread_blocked, id=4844, stack(0x000000069c400000,0x000000069c500000) (1024K)]
  0x0000018ce59a5d40 JavaThread "Framework Event Dispatcher: Equinox Container: c194c8ea-f584-4966-bda4-91897cfc76b3" daemon [_thread_blocked, id=6352, stack(0x000000069c900000,0x000000069ca00000) (1024K)]
  0x0000018cea5bc880 JavaThread "Start Level: Equinox Container: c194c8ea-f584-4966-bda4-91897cfc76b3" daemon [_thread_blocked, id=12976, stack(0x000000069ca00000,0x000000069cb00000) (1024K)]
  0x0000018cea5c0a90 JavaThread "Bundle File Closer"         daemon [_thread_blocked, id=4480, stack(0x000000069cc00000,0x000000069cd00000) (1024K)]
  0x0000018cea20de00 JavaThread "SCR Component Actor"        daemon [_thread_blocked, id=12892, stack(0x000000069cb00000,0x000000069cc00000) (1024K)]
  0x0000018cea9426e0 JavaThread "Worker-JM"                         [_thread_blocked, id=2420, stack(0x000000069ce00000,0x000000069cf00000) (1024K)]
  0x0000018ceaabff90 JavaThread "JNA Cleaner"                daemon [_thread_blocked, id=12876, stack(0x000000069cf00000,0x000000069d000000) (1024K)]
  0x0000018ceaabd830 JavaThread "Java indexing"              daemon [_thread_blocked, id=13112, stack(0x000000069d200000,0x000000069d300000) (1024K)]
  0x0000018ceaabf270 JavaThread "Worker-3"                          [_thread_blocked, id=11760, stack(0x000000069d600000,0x000000069d700000) (1024K)]
  0x0000018ceaabebe0 JavaThread "Worker-4"                          [_thread_blocked, id=1948, stack(0x000000069d700000,0x000000069d800000) (1024K)]
  0x0000018ceaac0620 JavaThread "Thread-1"                   daemon [_thread_in_native, id=11464, stack(0x000000069d800000,0x000000069d900000) (1024K)]
  0x0000018ceaabd1a0 JavaThread "Thread-2"                   daemon [_thread_in_native, id=11400, stack(0x000000069d900000,0x000000069da00000) (1024K)]
  0x0000018ced4ebca0 JavaThread "Thread-3"                   daemon [_thread_in_native, id=7660, stack(0x000000069da00000,0x000000069db00000) (1024K)]
  0x0000018ced4edd70 JavaThread "Thread-4"                   daemon [_thread_in_native, id=4044, stack(0x000000069db00000,0x000000069dc00000) (1024K)]
  0x0000018ced4ed6e0 JavaThread "Thread-5"                   daemon [_thread_in_native, id=9052, stack(0x000000069dc00000,0x000000069dd00000) (1024K)]
  0x0000018ced4ec330 JavaThread "pool-2-thread-1"                   [_thread_blocked, id=10440, stack(0x000000069dd00000,0x000000069de00000) (1024K)]
  0x0000018ced4ec9c0 JavaThread "WorkspaceEventsHandler"            [_thread_blocked, id=416, stack(0x000000069de00000,0x000000069df00000) (1024K)]
  0x0000018ced4ed050 JavaThread "pool-1-thread-1"                   [_thread_blocked, id=2300, stack(0x000000069df00000,0x000000069e000000) (1024K)]
  0x0000018ceb174bc0 JavaThread "Cleaner-0"                  daemon [_thread_blocked, id=5640, stack(0x000000069e300000,0x000000069e400000) (1024K)]
Total: 31

Other Threads:
  0x0000018ca3a1dae0 VMThread "VM Thread"                           [id=8528, stack(0x000000069b900000,0x000000069ba00000) (1024K)]
  0x0000018c8d0aaa50 WatcherThread "VM Periodic Task Thread"        [id=120, stack(0x000000069b800000,0x000000069b900000) (1024K)]
  0x0000018c8d05ff40 WorkerThread "GC Thread#0"                     [id=8104, stack(0x000000069b700000,0x000000069b800000) (1024K)]
  0x0000018cea698380 WorkerThread "GC Thread#1"                     [id=12888, stack(0x000000069c500000,0x000000069c600000) (1024K)]
  0x0000018cea698b30 WorkerThread "GC Thread#2"                     [id=660, stack(0x000000069c600000,0x000000069c700000) (1024K)]
  0x0000018cea3f10f0 WorkerThread "GC Thread#3"                     [id=5300, stack(0x000000069c700000,0x000000069c800000) (1024K)]
Total: 6

Threads with active compile tasks:
Total: 0

VM state: not at safepoint (normal execution)

VM Mutex/Monitor currently owned by a thread: None

Heap address: 0x0000000080000000, size: 2048 MB, Compressed Oops mode: 32-bit

CDS archive(s) mapped at: [0x0000018ca4000000-0x0000018ca4ba0000-0x0000018ca4ba0000), size 12189696, SharedBaseAddress: 0x0000018ca4000000, ArchiveRelocationMode: 1.
Compressed class space mapped at: 0x0000018ca5000000-0x0000018ce5000000, reserved size: 1073741824
Narrow klass base: 0x0000018ca4000000, Narrow klass shift: 0, Narrow klass range: 0x100000000

GC Precious Log:
 CardTable entry size: 512
 CPUs: 4 total, 4 available
 Memory: 8073M
 Large Page Support: Disabled
 NUMA Support: Disabled
 Compressed Oops: Enabled (32-bit)
 Alignments: Space 512K, Generation 512K, Heap 2M
 Heap Min Capacity: 100M
 Heap Initial Capacity: 100M
 Heap Max Capacity: 2G
 Pre-touch: Disabled
 Parallel Workers: 4

Heap:
 PSYoungGen      total 7168K, used 1806K [0x00000000d5580000, 0x00000000d6780000, 0x0000000100000000)
  eden space 5120K, 1% used [0x00000000d5580000,0x00000000d5593848,0x00000000d5a80000)
  from space 2048K, 84% used [0x00000000d6580000,0x00000000d6730000,0x00000000d6780000)
  to   space 4608K, 0% used [0x00000000d5e80000,0x00000000d5e80000,0x00000000d6300000)
 ParOldGen       total 585216K, used 585053K [0x0000000080000000, 0x00000000a3b80000, 0x00000000d5580000)
  object space 585216K, 99% used [0x0000000080000000,0x00000000a3b57448,0x00000000a3b80000)
 Metaspace       used 78913K, committed 80576K, reserved 1179648K
  class space    used 8223K, committed 8960K, reserved 1048576K

Card table byte_map: [0x0000018c8ca20000,0x0000018c8ce30000] _byte_map_base: 0x0000018c8c620000

Marking Bits: (ParMarkBitMap*) 0x00007ff952993450
 Begin Bits: [0x0000018c9f500000, 0x0000018ca1500000)
 End Bits:   [0x0000018ca1500000, 0x0000018ca3500000)

Polling page: 0x0000018c8c810000

Metaspace:

Usage:
  Non-class:     69.03 MB used.
      Class:      8.03 MB used.
       Both:     77.06 MB used.

Virtual space:
  Non-class space:      128.00 MB reserved,      69.94 MB ( 55%) committed,  2 nodes.
      Class space:        1.00 GB reserved,       8.75 MB ( <1%) committed,  1 nodes.
             Both:        1.12 GB reserved,      78.69 MB (  7%) committed. 

Chunk freelists:
   Non-Class:  9.69 MB
       Class:  7.13 MB
        Both:  16.82 MB

MaxMetaspaceSize: unlimited
CompressedClassSpaceSize: 1.00 GB
Initial GC threshold: 21.00 MB
Current GC threshold: 97.31 MB
CDS: on
 - commit_granule_bytes: 65536.
 - commit_granule_words: 8192.
 - virtual_space_node_default_size: 8388608.
 - enlarge_chunks_in_place: 1.
 - use_allocation_guard: 0.


Internal statistics:

num_allocs_failed_limit: 9.
num_arena_births: 1520.
num_arena_deaths: 24.
num_vsnodes_births: 3.
num_vsnodes_deaths: 0.
num_space_committed: 1259.
num_space_uncommitted: 0.
num_chunks_returned_to_freelist: 34.
num_chunks_taken_from_freelist: 5338.
num_chunk_merges: 15.
num_chunk_splits: 3300.
num_chunks_enlarged: 1899.
num_inconsistent_stats: 0.

CodeHeap 'non-profiled nmethods': size=120000Kb used=12083Kb max_used=12083Kb free=107917Kb
 bounds [0x0000018c97d20000, 0x0000018c988f0000, 0x0000018c9f250000]
CodeHeap 'profiled nmethods': size=120000Kb used=34440Kb max_used=34440Kb free=85559Kb
 bounds [0x0000018c90250000, 0x0000018c92400000, 0x0000018c97780000]
CodeHeap 'non-nmethods': size=5760Kb used=1480Kb max_used=1592Kb free=4279Kb
 bounds [0x0000018c97780000, 0x0000018c979f0000, 0x0000018c97d20000]
CodeCache: size=245760Kb, used=48003Kb, max_used=48115Kb, free=197755Kb
 total_blobs=15269, nmethods=14469, adapters=704, full_count=0
Compilation: enabled, stopped_count=0, restarted_count=0

Compilation events (20 events):
Event: 373.313 Thread 0x0000018ca3aa6020 nmethod 15206 0x0000018c923ee810 code [0x0000018c923ee9c0, 0x0000018c923eeb30]
Event: 373.326 Thread 0x0000018ca3a34ce0 nmethod 15204 0x0000018c988ebb10 code [0x0000018c988ebd00, 0x0000018c988ec3d0]
Event: 626.457 Thread 0x0000018ca3aa6020 15207       3       java.util.concurrent.ScheduledThreadPoolExecutor$ScheduledFutureTask::getDelay (16 bytes)
Event: 626.458 Thread 0x0000018ca3aa6020 nmethod 15207 0x0000018c923eec10 code [0x0000018c923eedc0, 0x0000018c923eef58]
Event: 646.473 Thread 0x0000018ca3aa6020 15208   !   3       java.util.concurrent.locks.AbstractQueuedSynchronizer$ConditionObject::newConditionNode (78 bytes)
Event: 646.474 Thread 0x0000018ca3aa6020 nmethod 15208 0x0000018c923ef010 code [0x0000018c923ef280, 0x0000018c923efa60]
Event: 646.474 Thread 0x0000018ca3aa6020 15209       3       java.util.concurrent.locks.AbstractQueuedSynchronizer$ConditionNode::<init> (5 bytes)
Event: 646.474 Thread 0x0000018ca3aa6020 nmethod 15209 0x0000018c923efd10 code [0x0000018c923efec0, 0x0000018c923f0088]
Event: 646.474 Thread 0x0000018ca3aa6020 15210       3       java.util.concurrent.locks.AbstractQueuedSynchronizer$ConditionObject::enableWait (84 bytes)
Event: 646.474 Thread 0x0000018ca3aa6020 nmethod 15210 0x0000018c923f0190 code [0x0000018c923f03a0, 0x0000018c923f09d8]
Event: 685.163 Thread 0x0000018ca3aa6020 15211   !   3       java.util.concurrent.locks.AbstractQueuedSynchronizer::reacquire (64 bytes)
Event: 685.163 Thread 0x0000018ca3aa6020 nmethod 15211 0x0000018c923f0c10 code [0x0000018c923f0de0, 0x0000018c923f1150]
Event: 745.741 Thread 0x0000018ca3aa6020 15212       3       java.lang.Module::getClassLoader (20 bytes)
Event: 745.741 Thread 0x0000018ca3aa6020 nmethod 15212 0x0000018c923f1310 code [0x0000018c923f14c0, 0x0000018c923f16b8]
Event: 906.788 Thread 0x0000018ca3aa6020 15213       3       java.util.concurrent.ThreadPoolExecutor::beforeExecute (1 bytes)
Event: 906.788 Thread 0x0000018ca3aa6020 nmethod 15213 0x0000018c923f1790 code [0x0000018c923f1920, 0x0000018c923f1a28]
Event: 946.824 Thread 0x0000018ca3aa6020 15215       3       java.util.concurrent.ThreadPoolExecutor::afterExecute (1 bytes)
Event: 946.825 Thread 0x0000018ca3aa6020 nmethod 15215 0x0000018c923f1a90 code [0x0000018c923f1c20, 0x0000018c923f1d28]
Event: 1066.964 Thread 0x0000018ca3aa6020 15216       3       java.util.concurrent.ScheduledThreadPoolExecutor$ScheduledFutureTask::isPeriodic (15 bytes)
Event: 1066.964 Thread 0x0000018ca3aa6020 nmethod 15216 0x0000018c923f1d90 code [0x0000018c923f1f20, 0x0000018c923f2088]

GC Heap History (20 events):
Event: 326.035 GC heap before
{Heap before GC invocations=544 (full 3):
 PSYoungGen      total 2560K, used 2443K [0x00000000d5580000, 0x00000000d5a00000, 0x0000000100000000)
  eden space 1536K, 94% used [0x00000000d5580000,0x00000000d56eaf80,0x00000000d5700000)
  from space 1024K, 96% used [0x00000000d5900000,0x00000000d59f7de0,0x00000000d5a00000)
  to   space 1536K, 0% used [0x00000000d5700000,0x00000000d5700000,0x00000000d5880000)
 ParOldGen       total 534016K, used 533600K [0x0000000080000000, 0x00000000a0980000, 0x00000000d5580000)
  object space 534016K, 99% used [0x0000000080000000,0x00000000a09183f8,0x00000000a0980000)
 Metaspace       used 78624K, committed 80384K, reserved 1179648K
  class space    used 8194K, committed 8960K, reserved 1048576K
}
Event: 326.037 GC heap after
{Heap after GC invocations=544 (full 3):
 PSYoungGen      total 3072K, used 1474K [0x00000000d5580000, 0x00000000d5b80000, 0x0000000100000000)
  eden space 1536K, 0% used [0x00000000d5580000,0x00000000d5580000,0x00000000d5700000)
  from space 1536K, 95% used [0x00000000d5700000,0x00000000d5870988,0x00000000d5880000)
  to   space 2048K, 0% used [0x00000000d5980000,0x00000000d5980000,0x00000000d5b80000)
 ParOldGen       total 535040K, used 534554K [0x0000000080000000, 0x00000000a0a80000, 0x00000000d5580000)
  object space 535040K, 99% used [0x0000000080000000,0x00000000a0a06988,0x00000000a0a80000)
 Metaspace       used 78624K, committed 80384K, reserved 1179648K
  class space    used 8194K, committed 8960K, reserved 1048576K
}
Event: 326.042 GC heap before
{Heap before GC invocations=545 (full 3):
 PSYoungGen      total 3072K, used 3010K [0x00000000d5580000, 0x00000000d5b80000, 0x0000000100000000)
  eden space 1536K, 100% used [0x00000000d5580000,0x00000000d5700000,0x00000000d5700000)
  from space 1536K, 95% used [0x00000000d5700000,0x00000000d5870988,0x00000000d5880000)
  to   space 2048K, 0% used [0x00000000d5980000,0x00000000d5980000,0x00000000d5b80000)
 ParOldGen       total 535040K, used 534554K [0x0000000080000000, 0x00000000a0a80000, 0x00000000d5580000)
  object space 535040K, 99% used [0x0000000080000000,0x00000000a0a06988,0x00000000a0a80000)
 Metaspace       used 78624K, committed 80384K, reserved 1179648K
  class space    used 8194K, committed 8960K, reserved 1048576K
}
Event: 326.045 GC heap after
{Heap after GC invocations=545 (full 3):
 PSYoungGen      total 4096K, used 1558K [0x00000000d5580000, 0x00000000d5b80000, 0x0000000100000000)
  eden space 2048K, 0% used [0x00000000d5580000,0x00000000d5580000,0x00000000d5780000)
  from space 2048K, 76% used [0x00000000d5980000,0x00000000d5b05a28,0x00000000d5b80000)
  to   space 2048K, 0% used [0x00000000d5780000,0x00000000d5780000,0x00000000d5980000)
 ParOldGen       total 536064K, used 535963K [0x0000000080000000, 0x00000000a0b80000, 0x00000000d5580000)
  object space 536064K, 99% used [0x0000000080000000,0x00000000a0b66d20,0x00000000a0b80000)
 Metaspace       used 78624K, committed 80384K, reserved 1179648K
  class space    used 8194K, committed 8960K, reserved 1048576K
}
Event: 326.050 GC heap before
{Heap before GC invocations=546 (full 3):
 PSYoungGen      total 4096K, used 3606K [0x00000000d5580000, 0x00000000d5b80000, 0x0000000100000000)
  eden space 2048K, 100% used [0x00000000d5580000,0x00000000d5780000,0x00000000d5780000)
  from space 2048K, 76% used [0x00000000d5980000,0x00000000d5b05a28,0x00000000d5b80000)
  to   space 2048K, 0% used [0x00000000d5780000,0x00000000d5780000,0x00000000d5980000)
 ParOldGen       total 536064K, used 535963K [0x0000000080000000, 0x00000000a0b80000, 0x00000000d5580000)
  object space 536064K, 99% used [0x0000000080000000,0x00000000a0b66d20,0x00000000a0b80000)
 Metaspace       used 78624K, committed 80384K, reserved 1179648K
  class space    used 8194K, committed 8960K, reserved 1048576K
}
Event: 326.053 GC heap after
{Heap after GC invocations=546 (full 3):
 PSYoungGen      total 4096K, used 1882K [0x00000000d5580000, 0x00000000d5c00000, 0x0000000100000000)
  eden space 2048K, 0% used [0x00000000d5580000,0x00000000d5580000,0x00000000d5780000)
  from space 2048K, 91% used [0x00000000d5780000,0x00000000d59568a8,0x00000000d5980000)
  to   space 2048K, 0% used [0x00000000d5a00000,0x00000000d5a00000,0x00000000d5c00000)
 ParOldGen       total 537600K, used 537450K [0x0000000080000000, 0x00000000a0d00000, 0x00000000d5580000)
  object space 537600K, 99% used [0x0000000080000000,0x00000000a0cdaa40,0x00000000a0d00000)
 Metaspace       used 78624K, committed 80384K, reserved 1179648K
  class space    used 8194K, committed 8960K, reserved 1048576K
}
Event: 326.063 GC heap before
{Heap before GC invocations=547 (full 3):
 PSYoungGen      total 4096K, used 3930K [0x00000000d5580000, 0x00000000d5c00000, 0x0000000100000000)
  eden space 2048K, 100% used [0x00000000d5580000,0x00000000d5780000,0x00000000d5780000)
  from space 2048K, 91% used [0x00000000d5780000,0x00000000d59568a8,0x00000000d5980000)
  to   space 2048K, 0% used [0x00000000d5a00000,0x00000000d5a00000,0x00000000d5c00000)
 ParOldGen       total 537600K, used 537450K [0x0000000080000000, 0x00000000a0d00000, 0x00000000d5580000)
  object space 537600K, 99% used [0x0000000080000000,0x00000000a0cdaa40,0x00000000a0d00000)
 Metaspace       used 78624K, committed 80384K, reserved 1179648K
  class space    used 8194K, committed 8960K, reserved 1048576K
}
Event: 326.068 GC heap after
{Heap after GC invocations=547 (full 3):
 PSYoungGen      total 4608K, used 1408K [0x00000000d5580000, 0x00000000d5c00000, 0x0000000100000000)
  eden space 2560K, 0% used [0x00000000d5580000,0x00000000d5580000,0x00000000d5800000)
  from space 2048K, 68% used [0x00000000d5a00000,0x00000000d5b60000,0x00000000d5c00000)
  to   space 2048K, 0% used [0x00000000d5800000,0x00000000d5800000,0x00000000d5a00000)
 ParOldGen       total 539648K, used 539278K [0x0000000080000000, 0x00000000a0f00000, 0x00000000d5580000)
  object space 539648K, 99% used [0x0000000080000000,0x00000000a0ea3b68,0x00000000a0f00000)
 Metaspace       used 78624K, committed 80384K, reserved 1179648K
  class space    used 8194K, committed 8960K, reserved 1048576K
}
Event: 326.080 GC heap before
{Heap before GC invocations=548 (full 3):
 PSYoungGen      total 4608K, used 3968K [0x00000000d5580000, 0x00000000d5c00000, 0x0000000100000000)
  eden space 2560K, 100% used [0x00000000d5580000,0x00000000d5800000,0x00000000d5800000)
  from space 2048K, 68% used [0x00000000d5a00000,0x00000000d5b60000,0x00000000d5c00000)
  to   space 2048K, 0% used [0x00000000d5800000,0x00000000d5800000,0x00000000d5a00000)
 ParOldGen       total 539648K, used 539278K [0x0000000080000000, 0x00000000a0f00000, 0x00000000d5580000)
  object space 539648K, 99% used [0x0000000080000000,0x00000000a0ea3b68,0x00000000a0f00000)
 Metaspace       used 78627K, committed 80384K, reserved 1179648K
  class space    used 8194K, committed 8960K, reserved 1048576K
}
Event: 326.086 GC heap after
{Heap after GC invocations=548 (full 3):
 PSYoungGen      total 4608K, used 2042K [0x00000000d5580000, 0x00000000d6080000, 0x0000000100000000)
  eden space 2560K, 0% used [0x00000000d5580000,0x00000000d5580000,0x00000000d5800000)
  from space 2048K, 99% used [0x00000000d5800000,0x00000000d59fe800,0x00000000d5a00000)
  to   space 4096K, 0% used [0x00000000d5c80000,0x00000000d5c80000,0x00000000d6080000)
 ParOldGen       total 541184K, used 540726K [0x0000000080000000, 0x00000000a1080000, 0x00000000d5580000)
  object space 541184K, 99% used [0x0000000080000000,0x00000000a100db68,0x00000000a1080000)
 Metaspace       used 78627K, committed 80384K, reserved 1179648K
  class space    used 8194K, committed 8960K, reserved 1048576K
}
Event: 326.108 GC heap before
{Heap before GC invocations=549 (full 3):
 PSYoungGen      total 4608K, used 4575K [0x00000000d5580000, 0x00000000d6080000, 0x0000000100000000)
  eden space 2560K, 98% used [0x00000000d5580000,0x00000000d57f9448,0x00000000d5800000)
  from space 2048K, 99% used [0x00000000d5800000,0x00000000d59fe800,0x00000000d5a00000)
  to   space 4096K, 0% used [0x00000000d5c80000,0x00000000d5c80000,0x00000000d6080000)
 ParOldGen       total 561152K, used 559926K [0x0000000080000000, 0x00000000a2400000, 0x00000000d5580000)
  object space 561152K, 99% used [0x0000000080000000,0x00000000a22cdb88,0x00000000a2400000)
 Metaspace       used 78631K, committed 80384K, reserved 1179648K
  class space    used 8194K, committed 8960K, reserved 1048576K
}
Event: 326.112 GC heap after
{Heap after GC invocations=549 (full 3):
 PSYoungGen      total 5120K, used 1688K [0x00000000d5580000, 0x00000000d5e80000, 0x0000000100000000)
  eden space 3072K, 0% used [0x00000000d5580000,0x00000000d5580000,0x00000000d5880000)
  from space 2048K, 82% used [0x00000000d5c80000,0x00000000d5e26010,0x00000000d5e80000)
  to   space 2560K, 0% used [0x00000000d5980000,0x00000000d5980000,0x00000000d5c00000)
 ParOldGen       total 562176K, used 561834K [0x0000000080000000, 0x00000000a2500000, 0x00000000d5580000)
  object space 562176K, 99% used [0x0000000080000000,0x00000000a24aab98,0x00000000a2500000)
 Metaspace       used 78631K, committed 80384K, reserved 1179648K
  class space    used 8194K, committed 8960K, reserved 1048576K
}
Event: 326.150 GC heap before
{Heap before GC invocations=550 (full 3):
 PSYoungGen      total 5120K, used 4760K [0x00000000d5580000, 0x00000000d5e80000, 0x0000000100000000)
  eden space 3072K, 100% used [0x00000000d5580000,0x00000000d5880000,0x00000000d5880000)
  from space 2048K, 82% used [0x00000000d5c80000,0x00000000d5e26010,0x00000000d5e80000)
  to   space 2560K, 0% used [0x00000000d5980000,0x00000000d5980000,0x00000000d5c00000)
 ParOldGen       total 573952K, used 573354K [0x0000000080000000, 0x00000000a3080000, 0x00000000d5580000)
  object space 573952K, 99% used [0x0000000080000000,0x00000000a2feaba8,0x00000000a3080000)
 Metaspace       used 78636K, committed 80384K, reserved 1179648K
  class space    used 8194K, committed 8960K, reserved 1048576K
}
Event: 326.156 GC heap after
{Heap after GC invocations=550 (full 3):
 PSYoungGen      total 6656K, used 2560K [0x00000000d5580000, 0x00000000d6380000, 0x0000000100000000)
  eden space 4096K, 0% used [0x00000000d5580000,0x00000000d5580000,0x00000000d5980000)
  from space 2560K, 100% used [0x00000000d5980000,0x00000000d5c00000,0x00000000d5c00000)
  to   space 5120K, 0% used [0x00000000d5e80000,0x00000000d5e80000,0x00000000d6380000)
 ParOldGen       total 575488K, used 575082K [0x0000000080000000, 0x00000000a3200000, 0x00000000d5580000)
  object space 575488K, 99% used [0x0000000080000000,0x00000000a319aba8,0x00000000a3200000)
 Metaspace       used 78636K, committed 80384K, reserved 1179648K
  class space    used 8194K, committed 8960K, reserved 1048576K
}
Event: 326.188 GC heap before
{Heap before GC invocations=551 (full 3):
 PSYoungGen      total 6656K, used 6656K [0x00000000d5580000, 0x00000000d6380000, 0x0000000100000000)
  eden space 4096K, 100% used [0x00000000d5580000,0x00000000d5980000,0x00000000d5980000)
  from space 2560K, 100% used [0x00000000d5980000,0x00000000d5c00000,0x00000000d5c00000)
  to   space 5120K, 0% used [0x00000000d5e80000,0x00000000d5e80000,0x00000000d6380000)
 ParOldGen       total 575488K, used 575082K [0x0000000080000000, 0x00000000a3200000, 0x00000000d5580000)
  object space 575488K, 99% used [0x0000000080000000,0x00000000a319aba8,0x00000000a3200000)
 Metaspace       used 78638K, committed 80384K, reserved 1179648K
  class space    used 8194K, committed 8960K, reserved 1048576K
}
Event: 326.193 GC heap after
{Heap after GC invocations=551 (full 3):
 PSYoungGen      total 9216K, used 3859K [0x00000000d5580000, 0x00000000d6280000, 0x0000000100000000)
  eden space 5120K, 0% used [0x00000000d5580000,0x00000000d5580000,0x00000000d5a80000)
  from space 4096K, 94% used [0x00000000d5e80000,0x00000000d6244e78,0x00000000d6280000)
  to   space 4096K, 0% used [0x00000000d5a80000,0x00000000d5a80000,0x00000000d5e80000)
 ParOldGen       total 576512K, used 576418K [0x0000000080000000, 0x00000000a3300000, 0x00000000d5580000)
  object space 576512K, 99% used [0x0000000080000000,0x00000000a32e8ba8,0x00000000a3300000)
 Metaspace       used 78638K, committed 80384K, reserved 1179648K
  class space    used 8194K, committed 8960K, reserved 1048576K
}
Event: 326.214 GC heap before
{Heap before GC invocations=552 (full 3):
 PSYoungGen      total 9216K, used 8979K [0x00000000d5580000, 0x00000000d6280000, 0x0000000100000000)
  eden space 5120K, 100% used [0x00000000d5580000,0x00000000d5a80000,0x00000000d5a80000)
  from space 4096K, 94% used [0x00000000d5e80000,0x00000000d6244e78,0x00000000d6280000)
  to   space 4096K, 0% used [0x00000000d5a80000,0x00000000d5a80000,0x00000000d5e80000)
 ParOldGen       total 576512K, used 576418K [0x0000000080000000, 0x00000000a3300000, 0x00000000d5580000)
  object space 576512K, 99% used [0x0000000080000000,0x00000000a32e8ba8,0x00000000a3300000)
 Metaspace       used 78638K, committed 80384K, reserved 1179648K
  class space    used 8194K, committed 8960K, reserved 1048576K
}
Event: 326.222 GC heap after
{Heap after GC invocations=552 (full 3):
 PSYoungGen      total 9216K, used 4080K [0x00000000d5580000, 0x00000000d6f80000, 0x0000000100000000)
  eden space 5120K, 0% used [0x00000000d5580000,0x00000000d5580000,0x00000000d5a80000)
  from space 4096K, 99% used [0x00000000d5a80000,0x00000000d5e7c000,0x00000000d5e80000)
  to   space 10240K, 0% used [0x00000000d6580000,0x00000000d6580000,0x00000000d6f80000)
 ParOldGen       total 581632K, used 581269K [0x0000000080000000, 0x00000000a3800000, 0x00000000d5580000)
  object space 581632K, 99% used [0x0000000080000000,0x00000000a37a5448,0x00000000a3800000)
 Metaspace       used 78638K, committed 80384K, reserved 1179648K
  class space    used 8194K, committed 8960K, reserved 1048576K
}
Event: 475.683 GC heap before
{Heap before GC invocations=553 (full 3):
 PSYoungGen      total 9216K, used 9200K [0x00000000d5580000, 0x00000000d6f80000, 0x0000000100000000)
  eden space 5120K, 100% used [0x00000000d5580000,0x00000000d5a80000,0x00000000d5a80000)
  from space 4096K, 99% used [0x00000000d5a80000,0x00000000d5e7c000,0x00000000d5e80000)
  to   space 10240K, 0% used [0x00000000d6580000,0x00000000d6580000,0x00000000d6f80000)
 ParOldGen       total 581632K, used 581269K [0x0000000080000000, 0x00000000a3800000, 0x00000000d5580000)
  object space 581632K, 99% used [0x0000000080000000,0x00000000a37a5448,0x00000000a3800000)
 Metaspace       used 78909K, committed 80576K, reserved 1179648K
  class space    used 8223K, committed 8960K, reserved 1048576K
}
Event: 475.690 GC heap after
{Heap after GC invocations=553 (full 3):
 PSYoungGen      total 7168K, used 1728K [0x00000000d5580000, 0x00000000d6780000, 0x0000000100000000)
  eden space 5120K, 0% used [0x00000000d5580000,0x00000000d5580000,0x00000000d5a80000)
  from space 2048K, 84% used [0x00000000d6580000,0x00000000d6730000,0x00000000d6780000)
  to   space 4608K, 0% used [0x00000000d5e80000,0x00000000d5e80000,0x00000000d6300000)
 ParOldGen       total 585216K, used 585053K [0x0000000080000000, 0x00000000a3b80000, 0x00000000d5580000)
  object space 585216K, 99% used [0x0000000080000000,0x00000000a3b57448,0x00000000a3b80000)
 Metaspace       used 78909K, committed 80576K, reserved 1179648K
  class space    used 8223K, committed 8960K, reserved 1048576K
}

Dll operation events (11 events):
Event: 0.016 Loaded shared library c:\Users\BusinessComputers.in\.vscode\extensions\redhat.java-1.54.0-win32-x64\jre\21.0.10-win32-x86_64\bin\java.dll
Event: 0.161 Loaded shared library c:\Users\BusinessComputers.in\.vscode\extensions\redhat.java-1.54.0-win32-x64\jre\21.0.10-win32-x86_64\bin\zip.dll
Event: 0.246 Loaded shared library C:\Users\BusinessComputers.in\.vscode\extensions\redhat.java-1.54.0-win32-x64\jre\21.0.10-win32-x86_64\bin\instrument.dll
Event: 0.255 Loaded shared library C:\Users\BusinessComputers.in\.vscode\extensions\redhat.java-1.54.0-win32-x64\jre\21.0.10-win32-x86_64\bin\net.dll
Event: 0.259 Loaded shared library C:\Users\BusinessComputers.in\.vscode\extensions\redhat.java-1.54.0-win32-x64\jre\21.0.10-win32-x86_64\bin\nio.dll
Event: 0.264 Loaded shared library C:\Users\BusinessComputers.in\.vscode\extensions\redhat.java-1.54.0-win32-x64\jre\21.0.10-win32-x86_64\bin\zip.dll
Event: 0.336 Loaded shared library C:\Users\BusinessComputers.in\.vscode\extensions\redhat.java-1.54.0-win32-x64\jre\21.0.10-win32-x86_64\bin\jimage.dll
Event: 0.517 Loaded shared library c:\Users\BusinessComputers.in\.vscode\extensions\redhat.java-1.54.0-win32-x64\jre\21.0.10-win32-x86_64\bin\verify.dll
Event: 9.545 Loaded shared library C:\Users\BusinessComputers.in\AppData\Roaming\Code\User\globalStorage\redhat.java\1.54.0\config_win\org.eclipse.equinox.launcher\org.eclipse.equinox.launcher.win32.win32.x86_64_1.3.0.v20260203-2149\eclipse_11919.dll
Event: 23.369 Loaded shared library C:\Users\BusinessComputers.in\AppData\Local\Temp\jna--1367924197\jna9532041146584332538.dll
Event: 32.890 Loaded shared library C:\Users\BusinessComputers.in\.vscode\extensions\redhat.java-1.54.0-win32-x64\jre\21.0.10-win32-x86_64\bin\sunmscapi.dll

Deoptimization events (20 events):
Event: 373.182 Thread 0x0000018ceaabebe0 Uncommon trap: trap_request=0xffffff45 fr.pc=0x0000018c988e5058 relative=0x0000000000000838
Event: 373.182 Thread 0x0000018ceaabebe0 Uncommon trap: reason=unstable_if action=reinterpret pc=0x0000018c988e5058 method=org.eclipse.core.internal.localstore.FileSystemResourceManager.getStoreRoot(Lorg/eclipse/core/resources/IResource;)Lorg/eclipse/core/internal/localstore/FileStoreRoot; @ 33 
Event: 373.182 Thread 0x0000018ceaabebe0 DEOPT PACKING pc=0x0000018c988e5058 sp=0x000000069d7fec30
Event: 373.182 Thread 0x0000018ceaabebe0 DEOPT UNPACKING pc=0x0000018c977d3aa2 sp=0x000000069d7febf0 mode 2
Event: 373.183 Thread 0x0000018ceaabebe0 Uncommon trap: trap_request=0xffffffde fr.pc=0x0000018c988213f4 relative=0x0000000000000614
Event: 373.183 Thread 0x0000018ceaabebe0 Uncommon trap: reason=class_check action=maybe_recompile pc=0x0000018c988213f4 method=java.io.InputStream.read([BII)I @ 15 c2
Event: 373.183 Thread 0x0000018ceaabebe0 DEOPT PACKING pc=0x0000018c988213f4 sp=0x000000069d7fea70
Event: 373.183 Thread 0x0000018ceaabebe0 DEOPT UNPACKING pc=0x0000018c977d3aa2 sp=0x000000069d7fea08 mode 2
Event: 373.184 Thread 0x0000018ceaabebe0 Uncommon trap: trap_request=0xffffffc6 fr.pc=0x0000018c98417830 relative=0x00000000000035d0
Event: 373.184 Thread 0x0000018ceaabebe0 Uncommon trap: reason=bimorphic_or_optimized_type_check action=maybe_recompile pc=0x0000018c98417830 method=java.util.Properties.load0(Ljava/util/Properties$LineReader;)V @ 241 c2
Event: 373.184 Thread 0x0000018ceaabebe0 DEOPT PACKING pc=0x0000018c98417830 sp=0x000000069d7feba0
Event: 373.184 Thread 0x0000018ceaabebe0 DEOPT UNPACKING pc=0x0000018c977d3aa2 sp=0x000000069d7feba0 mode 2
Event: 373.184 Thread 0x0000018ceaabebe0 Uncommon trap: trap_request=0xffffffc6 fr.pc=0x0000018c9825f908 relative=0x0000000000003888
Event: 373.184 Thread 0x0000018ceaabebe0 Uncommon trap: reason=bimorphic_or_optimized_type_check action=maybe_recompile pc=0x0000018c9825f908 method=java.util.Properties.load0(Ljava/util/Properties$LineReader;)V @ 241 c2
Event: 373.184 Thread 0x0000018ceaabebe0 DEOPT PACKING pc=0x0000018c9825f908 sp=0x000000069d7febc0
Event: 373.184 Thread 0x0000018ceaabebe0 DEOPT UNPACKING pc=0x0000018c977d3aa2 sp=0x000000069d7feba0 mode 2
Event: 373.184 Thread 0x0000018ceaabebe0 Uncommon trap: trap_request=0xffffffde fr.pc=0x0000018c988213f4 relative=0x0000000000000614
Event: 373.184 Thread 0x0000018ceaabebe0 Uncommon trap: reason=class_check action=maybe_recompile pc=0x0000018c988213f4 method=java.io.InputStream.read([BII)I @ 15 c2
Event: 373.184 Thread 0x0000018ceaabebe0 DEOPT PACKING pc=0x0000018c988213f4 sp=0x000000069d7feab0
Event: 373.184 Thread 0x0000018ceaabebe0 DEOPT UNPACKING pc=0x0000018c977d3aa2 sp=0x000000069d7fea48 mode 2

Classes loaded (20 events):
Event: 321.402 Loading class jdk/internal/module/IllegalAccessLogger
Event: 321.402 Loading class jdk/internal/module/IllegalAccessLogger done
Event: 326.060 Loading class jdk/internal/module/IllegalAccessLogger
Event: 326.060 Loading class jdk/internal/module/IllegalAccessLogger done
Event: 373.102 Loading class java/util/stream/Nodes$CollectorTask$OfRef
Event: 373.103 Loading class java/util/stream/Nodes$CollectorTask
Event: 373.103 Loading class java/util/stream/Nodes$CollectorTask done
Event: 373.103 Loading class java/util/stream/Nodes$CollectorTask$OfRef done
Event: 373.107 Loading class java/util/function/LongFunction
Event: 373.107 Loading class java/util/function/LongFunction done
Event: 373.107 Loading class java/util/stream/Nodes$ConcNode
Event: 373.107 Loading class java/util/stream/Nodes$AbstractConcNode
Event: 373.108 Loading class java/util/stream/Nodes$AbstractConcNode done
Event: 373.108 Loading class java/util/stream/Nodes$ConcNode done
Event: 373.133 Loading class java/io/ObjectOutputStream$BlockDataOutputStream
Event: 373.133 Loading class java/io/ObjectOutputStream$BlockDataOutputStream done
Event: 373.133 Loading class java/io/ObjectOutputStream$HandleTable
Event: 373.134 Loading class java/io/ObjectOutputStream$HandleTable done
Event: 373.134 Loading class java/io/ObjectOutputStream$ReplaceTable
Event: 373.134 Loading class java/io/ObjectOutputStream$ReplaceTable done

Classes unloaded (12 events):
Event: 24.135 Thread 0x0000018ca3a1dae0 Unloading class 0x0000018ca51a9400 'java/lang/invoke/LambdaForm$MH+0x0000018ca51a9400'
Event: 24.135 Thread 0x0000018ca3a1dae0 Unloading class 0x0000018ca51a9000 'java/lang/invoke/LambdaForm$MH+0x0000018ca51a9000'
Event: 24.135 Thread 0x0000018ca3a1dae0 Unloading class 0x0000018ca51a8c00 'java/lang/invoke/LambdaForm$MH+0x0000018ca51a8c00'
Event: 24.135 Thread 0x0000018ca3a1dae0 Unloading class 0x0000018ca51a8800 'java/lang/invoke/LambdaForm$MH+0x0000018ca51a8800'
Event: 24.135 Thread 0x0000018ca3a1dae0 Unloading class 0x0000018ca51a8400 'java/lang/invoke/LambdaForm$BMH+0x0000018ca51a8400'
Event: 24.135 Thread 0x0000018ca3a1dae0 Unloading class 0x0000018ca51a8000 'java/lang/invoke/LambdaForm$DMH+0x0000018ca51a8000'
Event: 24.135 Thread 0x0000018ca3a1dae0 Unloading class 0x0000018ca51a6c00 'java/lang/invoke/LambdaForm$DMH+0x0000018ca51a6c00'
Event: 36.809 Thread 0x0000018ca3a1dae0 Unloading class 0x0000018ca567c800 'java/lang/invoke/LambdaForm$MH+0x0000018ca567c800'
Event: 36.809 Thread 0x0000018ca3a1dae0 Unloading class 0x0000018ca5660c00 'java/lang/invoke/LambdaForm$MH+0x0000018ca5660c00'
Event: 36.809 Thread 0x0000018ca3a1dae0 Unloading class 0x0000018ca5660000 'java/lang/invoke/LambdaForm$MH+0x0000018ca5660000'
Event: 36.809 Thread 0x0000018ca3a1dae0 Unloading class 0x0000018ca565c800 'java/lang/invoke/LambdaForm$MH+0x0000018ca565c800'
Event: 36.809 Thread 0x0000018ca3a1dae0 Unloading class 0x0000018ca565c400 'java/lang/invoke/LambdaForm$MH+0x0000018ca565c400'

Classes redefined (0 events):
No events

Internal exceptions (20 events):
Event: 248.910 Thread 0x0000018ced4ee400 Implicit null exception at 0x0000018c985f4249 to 0x0000018c985f4748
Event: 249.282 Thread 0x0000018ced4ee400 Exception <a 'java/lang/NoSuchMethodError'{0x00000000d55e5f58}: 'int java.lang.invoke.DirectMethodHandle$Holder.invokeSpecialIFC(java.lang.Object, java.lang.Object, int)'> (0x00000000d55e5f58) 
thrown [s\src\hotspot\share\interpreter\linkResolver.cpp, line 773]
Event: 249.297 Thread 0x0000018ced4ee400 Exception <a 'sun/nio/fs/WindowsException'{0x00000000d5655858}> (0x00000000d5655858) 
thrown [s\src\hotspot\share\prims\jni.cpp, line 520]
Event: 249.297 Thread 0x0000018ced4ee400 Exception <a 'sun/nio/fs/WindowsException'{0x00000000d56561f8}> (0x00000000d56561f8) 
thrown [s\src\hotspot\share\prims\jni.cpp, line 520]
Event: 281.896 Thread 0x0000018ceaabd830 Exception <a 'sun/nio/fs/WindowsException'{0x00000000d56dc430}> (0x00000000d56dc430) 
thrown [s\src\hotspot\share\prims\jni.cpp, line 520]
Event: 282.139 Thread 0x0000018ceaabd830 Exception <a 'sun/nio/fs/WindowsException'{0x00000000d55d64d8}> (0x00000000d55d64d8) 
thrown [s\src\hotspot\share\prims\jni.cpp, line 520]
Event: 293.098 Thread 0x0000018ced4ed050 Exception <a 'java/lang/IncompatibleClassChangeError'{0x00000000d57e01c8}: Found class java.lang.Object, but interface was expected> (0x00000000d57e01c8) 
thrown [s\src\hotspot\share\interpreter\linkResolver.cpp, line 840]
Event: 296.406 Thread 0x0000018ceaabd830 Exception <a 'sun/nio/fs/WindowsException'{0x00000000d5694550}> (0x00000000d5694550) 
thrown [s\src\hotspot\share\prims\jni.cpp, line 520]
Event: 296.701 Thread 0x0000018ceaabd830 Exception <a 'sun/nio/fs/WindowsException'{0x00000000d5746410}> (0x00000000d5746410) 
thrown [s\src\hotspot\share\prims\jni.cpp, line 520]
Event: 321.321 Thread 0x0000018ceaabd830 Exception <a 'sun/nio/fs/WindowsException'{0x00000000d596c3e0}> (0x00000000d596c3e0) 
thrown [s\src\hotspot\share\prims\jni.cpp, line 520]
Event: 321.797 Thread 0x0000018ceaabd830 Exception <a 'sun/nio/fs/WindowsException'{0x00000000d56f6f50}> (0x00000000d56f6f50) 
thrown [s\src\hotspot\share\prims\jni.cpp, line 520]
Event: 324.714 Thread 0x0000018ced4ed050 Exception <a 'java/lang/IncompatibleClassChangeError'{0x00000000d57403d8}: Found class java.lang.Object, but interface was expected> (0x00000000d57403d8) 
thrown [s\src\hotspot\share\interpreter\linkResolver.cpp, line 840]
Event: 325.918 Thread 0x0000018ceaabd830 Exception <a 'sun/nio/fs/WindowsException'{0x00000000d5599ca0}> (0x00000000d5599ca0) 
thrown [s\src\hotspot\share\prims\jni.cpp, line 520]
Event: 325.987 Thread 0x0000018ceaabf270 Implicit null exception at 0x0000018c985a83c0 to 0x0000018c985a8ab8
Event: 326.277 Thread 0x0000018ceaabd830 Exception <a 'sun/nio/fs/WindowsException'{0x00000000d5713ee8}> (0x00000000d5713ee8) 
thrown [s\src\hotspot\share\prims\jni.cpp, line 520]
Event: 373.125 Thread 0x0000018ceaabebe0 Exception <a 'sun/nio/fs/WindowsException'{0x00000000d583cc60}> (0x00000000d583cc60) 
thrown [s\src\hotspot\share\prims\jni.cpp, line 520]
Event: 373.125 Thread 0x0000018ceaabebe0 Exception <a 'sun/nio/fs/WindowsException'{0x00000000d583d890}> (0x00000000d583d890) 
thrown [s\src\hotspot\share\prims\jni.cpp, line 520]
Event: 373.126 Thread 0x0000018ceaabebe0 Implicit null exception at 0x0000018c98494289 to 0x0000018c98494620
Event: 373.168 Thread 0x0000018ceaabebe0 Exception <a 'java/lang/NoSuchMethodError'{0x00000000d58ea1f8}: static [J.<clinit>()V> (0x00000000d58ea1f8) 
thrown [s\src\hotspot\share\prims\jni.cpp, line 1111]
Event: 373.175 Thread 0x0000018ceaabebe0 Exception <a 'java/lang/NoSuchMethodError'{0x00000000d5921590}: 'java.lang.Object java.lang.invoke.DirectMethodHandle$Holder.newInvokeSpecial(java.lang.Object, java.lang.Object, java.lang.Object, java.lang.Object, java.lang.Object, java.lang.Object, java.lang.Object, java.lang.Object)'> (0x00000000d5921590) 
thrown [s\src\hotspot\share\interpreter\linkResolver.cpp, line 773]

ZGC Phase Switch (0 events):
No events

VM Operations (20 events):
Event: 360.646 Executing non-safepoint VM operation: RendezvousGCThreads
Event: 360.646 Executing non-safepoint VM operation: RendezvousGCThreads done
Event: 373.106 Executing non-safepoint VM operation: HandshakeAllThreads (Deoptimize)
Event: 373.106 Executing non-safepoint VM operation: HandshakeAllThreads (Deoptimize) done
Event: 373.106 Executing safepoint VM operation: Cleanup
Event: 373.106 Executing safepoint VM operation: Cleanup done
Event: 373.180 Executing non-safepoint VM operation: HandshakeAllThreads (Deoptimize)
Event: 373.181 Executing non-safepoint VM operation: HandshakeAllThreads (Deoptimize) done
Event: 374.187 Executing safepoint VM operation: Cleanup
Event: 374.187 Executing safepoint VM operation: Cleanup done
Event: 386.308 Executing safepoint VM operation: Cleanup
Event: 386.308 Executing safepoint VM operation: Cleanup done
Event: 420.851 Executing non-safepoint VM operation: HandshakeAllThreads (HandshakeForDeflation)
Event: 420.852 Executing non-safepoint VM operation: HandshakeAllThreads (HandshakeForDeflation) done
Event: 420.852 Executing non-safepoint VM operation: RendezvousGCThreads
Event: 420.852 Executing non-safepoint VM operation: RendezvousGCThreads done
Event: 475.683 Executing safepoint VM operation: ParallelGCFailedAllocation (Allocation Failure)
Event: 475.690 Executing safepoint VM operation: ParallelGCFailedAllocation (Allocation Failure) done
Event: 626.784 Executing safepoint VM operation: Cleanup
Event: 626.784 Executing safepoint VM operation: Cleanup done

Memory protections (0 events):
No events

Nmethod flushes (20 events):
Event: 36.830 Thread 0x0000018ca3a1dae0 flushing  nmethod 0x0000018c90adf310
Event: 36.830 Thread 0x0000018ca3a1dae0 flushing  nmethod 0x0000018c90adfc10
Event: 36.830 Thread 0x0000018ca3a1dae0 flushing  nmethod 0x0000018c90adff90
Event: 36.830 Thread 0x0000018ca3a1dae0 flushing  nmethod 0x0000018c90af7590
Event: 36.830 Thread 0x0000018ca3a1dae0 flushing  nmethod 0x0000018c90af7b90
Event: 36.830 Thread 0x0000018ca3a1dae0 flushing  nmethod 0x0000018c90af8410
Event: 36.830 Thread 0x0000018ca3a1dae0 flushing  nmethod 0x0000018c90af8b10
Event: 36.830 Thread 0x0000018ca3a1dae0 flushing  nmethod 0x0000018c90afae10
Event: 36.830 Thread 0x0000018ca3a1dae0 flushing  nmethod 0x0000018c90b06d90
Event: 36.830 Thread 0x0000018ca3a1dae0 flushing  nmethod 0x0000018c90b0cd90
Event: 36.830 Thread 0x0000018ca3a1dae0 flushing  nmethod 0x0000018c90b20710
Event: 36.830 Thread 0x0000018ca3a1dae0 flushing  nmethod 0x0000018c90b20a10
Event: 36.830 Thread 0x0000018ca3a1dae0 flushing  nmethod 0x0000018c90b2c810
Event: 36.830 Thread 0x0000018ca3a1dae0 flushing  nmethod 0x0000018c90b91410
Event: 36.830 Thread 0x0000018ca3a1dae0 flushing  nmethod 0x0000018c90b92f10
Event: 36.830 Thread 0x0000018ca3a1dae0 flushing  nmethod 0x0000018c90b96c90
Event: 36.830 Thread 0x0000018ca3a1dae0 flushing  nmethod 0x0000018c90ba4590
Event: 36.830 Thread 0x0000018ca3a1dae0 flushing  nmethod 0x0000018c90ba4d10
Event: 36.830 Thread 0x0000018ca3a1dae0 flushing  nmethod 0x0000018c90ba6190
Event: 36.830 Thread 0x0000018ca3a1dae0 flushing  nmethod 0x0000018c90bab990

Events (20 events):
Event: 286.047 Thread 0x0000018cee528c90 Thread exited: 0x0000018cee528c90
Event: 296.544 Thread 0x0000018ca3a34ce0 Thread added: 0x0000018cee52d0b0
Event: 298.057 Thread 0x0000018cee52d0b0 Thread exited: 0x0000018cee52d0b0
Event: 319.835 Thread 0x0000018ca3aa6020 Thread added: 0x0000018cee528c90
Event: 319.947 Thread 0x0000018cee528c90 Thread exited: 0x0000018cee528c90
Event: 321.407 Thread 0x0000018ca3aa6020 Thread added: 0x0000018cee52e520
Event: 322.676 Thread 0x0000018cee52e520 Thread exited: 0x0000018cee52e520
Event: 373.097 Thread 0x0000018ceaabebe0 Thread added: 0x0000018cedf6b370
Event: 373.109 Thread 0x0000018cedf6b370 Thread exited: 0x0000018cedf6b370
Event: 373.128 Thread 0x0000018ceaabebe0 Thread added: 0x0000018cedf6b370
Event: 373.130 Thread 0x0000018cedf6b370 Thread exited: 0x0000018cedf6b370
Event: 373.157 Thread 0x0000018ca3aa6020 Thread added: 0x0000018cee527ef0
Event: 373.289 Thread 0x0000018cee527ef0 Thread exited: 0x0000018cee527ef0
Event: 385.928 Thread 0x0000018ced4eea90 Thread exited: 0x0000018ced4eea90
Event: 386.074 Thread 0x0000018cedf6e160 Thread exited: 0x0000018cedf6e160
Event: 433.292 Thread 0x0000018cedf6c090 Thread exited: 0x0000018cedf6c090
Event: 445.930 Thread 0x0000018cedf6ee80 Thread exited: 0x0000018cedf6ee80
Event: 505.933 Thread 0x0000018ced4ee400 Thread exited: 0x0000018ced4ee400
Event: 621.448 Thread 0x0000018ceb172460 Thread exited: 0x0000018ceb172460
Event: 626.023 Thread 0x0000018cedf70230 Thread exited: 0x0000018cedf70230


Dynamic libraries:
0x00007ff6d0de0000 - 0x00007ff6d0dee000 	c:\Users\BusinessComputers.in\.vscode\extensions\redhat.java-1.54.0-win32-x64\jre\21.0.10-win32-x86_64\bin\java.exe
0x00007ff9e3d10000 - 0x00007ff9e3f08000 	C:\Windows\SYSTEM32\ntdll.dll
0x00007ff9e2740000 - 0x00007ff9e2802000 	C:\Windows\System32\KERNEL32.DLL
0x00007ff9e14a0000 - 0x00007ff9e1796000 	C:\Windows\System32\KERNELBASE.dll
0x00007ff9e1b10000 - 0x00007ff9e1c10000 	C:\Windows\System32\ucrtbase.dll
0x00007ff9db470000 - 0x00007ff9db488000 	c:\Users\BusinessComputers.in\.vscode\extensions\redhat.java-1.54.0-win32-x64\jre\21.0.10-win32-x86_64\bin\jli.dll
0x00007ff9e2fa0000 - 0x00007ff9e3141000 	C:\Windows\System32\USER32.dll
0x00007ff9e17a0000 - 0x00007ff9e17c2000 	C:\Windows\System32\win32u.dll
0x00007ff9e2500000 - 0x00007ff9e252b000 	C:\Windows\System32\GDI32.dll
0x00007ff9e1c10000 - 0x00007ff9e1d29000 	C:\Windows\System32\gdi32full.dll
0x00007ff9e1a40000 - 0x00007ff9e1add000 	C:\Windows\System32\msvcp_win.dll
0x00007ff9dab30000 - 0x00007ff9dab4e000 	c:\Users\BusinessComputers.in\.vscode\extensions\redhat.java-1.54.0-win32-x64\jre\21.0.10-win32-x86_64\bin\VCRUNTIME140.dll
0x00007ff9cdbf0000 - 0x00007ff9cde8b000 	C:\Windows\WinSxS\amd64_microsoft.windows.common-controls_6595b64144ccf1df_6.0.19041.6456_none_60b8a6cb71f64256\COMCTL32.dll
0x00007ff9e3c30000 - 0x00007ff9e3cce000 	C:\Windows\System32\msvcrt.dll
0x00007ff9e2a00000 - 0x00007ff9e2a2f000 	C:\Windows\System32\IMM32.DLL
0x00007ff9dab20000 - 0x00007ff9dab2c000 	c:\Users\BusinessComputers.in\.vscode\extensions\redhat.java-1.54.0-win32-x64\jre\21.0.10-win32-x86_64\bin\vcruntime140_1.dll
0x00007ff9b7110000 - 0x00007ff9b719d000 	c:\Users\BusinessComputers.in\.vscode\extensions\redhat.java-1.54.0-win32-x64\jre\21.0.10-win32-x86_64\bin\msvcp140.dll
0x00007ff951cd0000 - 0x00007ff952a71000 	c:\Users\BusinessComputers.in\.vscode\extensions\redhat.java-1.54.0-win32-x64\jre\21.0.10-win32-x86_64\bin\server\jvm.dll
0x00007ff9e25b0000 - 0x00007ff9e2661000 	C:\Windows\System32\ADVAPI32.dll
0x00007ff9e38e0000 - 0x00007ff9e397f000 	C:\Windows\System32\sechost.dll
0x00007ff9e3ab0000 - 0x00007ff9e3bd0000 	C:\Windows\System32\RPCRT4.dll
0x00007ff9e1ae0000 - 0x00007ff9e1b07000 	C:\Windows\System32\bcrypt.dll
0x00007ff9e2ac0000 - 0x00007ff9e2b2b000 	C:\Windows\System32\WS2_32.dll
0x00007ff9e1200000 - 0x00007ff9e124b000 	C:\Windows\SYSTEM32\POWRPROF.dll
0x00007ff9ca5a0000 - 0x00007ff9ca5c7000 	C:\Windows\SYSTEM32\WINMM.dll
0x00007ff9d8580000 - 0x00007ff9d858a000 	C:\Windows\SYSTEM32\VERSION.dll
0x00007ff9e11e0000 - 0x00007ff9e11f2000 	C:\Windows\SYSTEM32\UMPDC.dll
0x00007ff9dfbb0000 - 0x00007ff9dfbc2000 	C:\Windows\SYSTEM32\kernel.appcore.dll
0x00007ff9d9240000 - 0x00007ff9d924a000 	c:\Users\BusinessComputers.in\.vscode\extensions\redhat.java-1.54.0-win32-x64\jre\21.0.10-win32-x86_64\bin\jimage.dll
0x00007ff9de890000 - 0x00007ff9dea91000 	C:\Windows\SYSTEM32\DBGHELP.DLL
0x00007ff9c60a0000 - 0x00007ff9c60d4000 	C:\Windows\SYSTEM32\dbgcore.DLL
0x00007ff9e1850000 - 0x00007ff9e18d2000 	C:\Windows\System32\bcryptPrimitives.dll
0x00007ff9d8ee0000 - 0x00007ff9d8eef000 	c:\Users\BusinessComputers.in\.vscode\extensions\redhat.java-1.54.0-win32-x64\jre\21.0.10-win32-x86_64\bin\instrument.dll
0x00007ff9cd0c0000 - 0x00007ff9cd0e0000 	c:\Users\BusinessComputers.in\.vscode\extensions\redhat.java-1.54.0-win32-x64\jre\21.0.10-win32-x86_64\bin\java.dll
0x00007ff9e1d30000 - 0x00007ff9e24a0000 	C:\Windows\System32\SHELL32.dll
0x00007ff9df3c0000 - 0x00007ff9dfb65000 	C:\Windows\SYSTEM32\windows.storage.dll
0x00007ff9e3180000 - 0x00007ff9e34d4000 	C:\Windows\System32\combase.dll
0x00007ff9e0cf0000 - 0x00007ff9e0d1b000 	C:\Windows\SYSTEM32\Wldp.dll
0x00007ff9e2670000 - 0x00007ff9e273d000 	C:\Windows\System32\OLEAUT32.dll
0x00007ff9e2950000 - 0x00007ff9e29fd000 	C:\Windows\System32\SHCORE.dll
0x00007ff9e3bd0000 - 0x00007ff9e3c2b000 	C:\Windows\System32\shlwapi.dll
0x00007ff9e12d0000 - 0x00007ff9e12f4000 	C:\Windows\SYSTEM32\profapi.dll
0x00007ff9cd0a0000 - 0x00007ff9cd0b8000 	c:\Users\BusinessComputers.in\.vscode\extensions\redhat.java-1.54.0-win32-x64\jre\21.0.10-win32-x86_64\bin\zip.dll
0x00007ff9d8ed0000 - 0x00007ff9d8ee0000 	C:\Users\BusinessComputers.in\.vscode\extensions\redhat.java-1.54.0-win32-x64\jre\21.0.10-win32-x86_64\bin\net.dll
0x00007ff9d63e0000 - 0x00007ff9d64ea000 	C:\Windows\SYSTEM32\WINHTTP.dll
0x00007ff9e0a50000 - 0x00007ff9e0aba000 	C:\Windows\system32\mswsock.dll
0x00007ff9cbf90000 - 0x00007ff9cbfa6000 	C:\Users\BusinessComputers.in\.vscode\extensions\redhat.java-1.54.0-win32-x64\jre\21.0.10-win32-x86_64\bin\nio.dll
0x00007ff9cbfe0000 - 0x00007ff9cbff0000 	c:\Users\BusinessComputers.in\.vscode\extensions\redhat.java-1.54.0-win32-x64\jre\21.0.10-win32-x86_64\bin\verify.dll
0x00007ff9b70c0000 - 0x00007ff9b7105000 	C:\Users\BusinessComputers.in\AppData\Roaming\Code\User\globalStorage\redhat.java\1.54.0\config_win\org.eclipse.equinox.launcher\org.eclipse.equinox.launcher.win32.win32.x86_64_1.3.0.v20260203-2149\eclipse_11919.dll
0x00007ff9e3980000 - 0x00007ff9e3aab000 	C:\Windows\System32\ole32.dll
0x00007ff9e0c50000 - 0x00007ff9e0c68000 	C:\Windows\SYSTEM32\CRYPTSP.dll
0x00007ff9e0370000 - 0x00007ff9e03a8000 	C:\Windows\system32\rsaenh.dll
0x00007ff9e1290000 - 0x00007ff9e12be000 	C:\Windows\SYSTEM32\USERENV.dll
0x00007ff9e0c40000 - 0x00007ff9e0c4c000 	C:\Windows\SYSTEM32\CRYPTBASE.dll
0x00007ff9e0730000 - 0x00007ff9e076b000 	C:\Windows\SYSTEM32\IPHLPAPI.DLL
0x00007ff9e38d0000 - 0x00007ff9e38d8000 	C:\Windows\System32\NSI.dll
0x00007ff9b6b90000 - 0x00007ff9b6bd9000 	C:\Users\BusinessComputers.in\AppData\Local\Temp\jna--1367924197\jna9532041146584332538.dll
0x00007ff9e3150000 - 0x00007ff9e3158000 	C:\Windows\System32\PSAPI.DLL
0x00007ff9d7100000 - 0x00007ff9d7117000 	C:\Windows\SYSTEM32\dhcpcsvc6.DLL
0x00007ff9d8940000 - 0x00007ff9d895d000 	C:\Windows\SYSTEM32\dhcpcsvc.DLL
0x00007ff9dd530000 - 0x00007ff9dd53e000 	C:\Users\BusinessComputers.in\.vscode\extensions\redhat.java-1.54.0-win32-x64\jre\21.0.10-win32-x86_64\bin\sunmscapi.dll
0x00007ff9e18e0000 - 0x00007ff9e1a3d000 	C:\Windows\System32\CRYPT32.dll
0x00007ff9e0d60000 - 0x00007ff9e0d87000 	C:\Windows\SYSTEM32\ncrypt.dll
0x00007ff9e0d20000 - 0x00007ff9e0d5b000 	C:\Windows\SYSTEM32\NTASN1.dll

JVMTI agents:
c:\Users\BusinessComputers.in\.vscode\extensions\redhat.java-1.54.0-win32-x64\lombok\lombok-1.18.39-4050.jar path:c:\Users\BusinessComputers.in\.vscode\extensions\redhat.java-1.54.0-win32-x64\jre\21.0.10-win32-x86_64\bin\instrument.dll, loaded, initialized, instrumentlib options:none

dbghelp: loaded successfully - version: 4.0.5 - missing functions: none
symbol engine: initialized successfully - sym options: 0x614 - pdb path: .;c:\Users\BusinessComputers.in\.vscode\extensions\redhat.java-1.54.0-win32-x64\jre\21.0.10-win32-x86_64\bin;C:\Windows\SYSTEM32;C:\Windows\WinSxS\amd64_microsoft.windows.common-controls_6595b64144ccf1df_6.0.19041.6456_none_60b8a6cb71f64256;c:\Users\BusinessComputers.in\.vscode\extensions\redhat.java-1.54.0-win32-x64\jre\21.0.10-win32-x86_64\bin\server;C:\Users\BusinessComputers.in\AppData\Roaming\Code\User\globalStorage\redhat.java\1.54.0\config_win\org.eclipse.equinox.launcher\org.eclipse.equinox.launcher.win32.win32.x86_64_1.3.0.v20260203-2149;C:\Users\BusinessComputers.in\AppData\Local\Temp\jna--1367924197

VM Arguments:
jvm_args: --add-modules=ALL-SYSTEM --add-opens=java.base/java.util=ALL-UNNAMED --add-opens=java.base/java.lang=ALL-UNNAMED --add-opens=java.base/sun.nio.fs=ALL-UNNAMED -Declipse.application=org.eclipse.jdt.ls.core.id1 -Dosgi.bundles.defaultStartLevel=4 -Declipse.product=org.eclipse.jdt.ls.core.product -Djava.import.generatesMetadataFilesAtProjectRoot=false -DDetectVMInstallationsJob.disabled=true -Dfile.encoding=utf8 -XX:+UseParallelGC -XX:GCTimeRatio=4 -XX:AdaptiveSizePolicyWeight=90 -Dsun.zip.disableMemoryMapping=true -Xmx2G -Xms100m -Xlog:disable -javaagent:c:\Users\BusinessComputers.in\.vscode\extensions\redhat.java-1.54.0-win32-x64\lombok\lombok-1.18.39-4050.jar -XX:+HeapDumpOnOutOfMemoryError -XX:HeapDumpPath=c:\Users\BusinessComputers.in\AppData\Roaming\Code\User\workspaceStorage\0bf0819a17e9ef85bfe61748ef5f6c20\redhat.java -Daether.dependencyCollector.impl=bf 
java_command: c:\Users\BusinessComputers.in\.vscode\extensions\redhat.java-1.54.0-win32-x64\server\plugins\org.eclipse.equinox.launcher_1.7.100.v20251111-0406.jar -configuration c:\Users\BusinessComputers.in\AppData\Roaming\Code\User\globalStorage\redhat.java\1.54.0\config_win -data c:\Users\BusinessComputers.in\AppData\Roaming\Code\User\workspaceStorage\0bf0819a17e9ef85bfe61748ef5f6c20\redhat.java\jdt_ws --pipe=\\.\pipe\lsp-9833a997b0a1d665bae4347cc6a8a26a-sock
java_class_path (initial): c:\Users\BusinessComputers.in\.vscode\extensions\redhat.java-1.54.0-win32-x64\server\plugins\org.eclipse.equinox.launcher_1.7.100.v20251111-0406.jar
Launcher Type: SUN_STANDARD

[Global flags]
    uintx AdaptiveSizePolicyWeight                 = 90                                        {product} {command line}
     intx CICompilerCount                          = 3                                         {product} {ergonomic}
    uintx GCTimeRatio                              = 4                                         {product} {command line}
     bool HeapDumpOnOutOfMemoryError               = true                                   {manageable} {command line}
    ccstr HeapDumpPath                             = c:\Users\BusinessComputers.in\AppData\Roaming\Code\User\workspaceStorage\0bf0819a17e9ef85bfe61748ef5f6c20\redhat.java         {manageable} {command line}
   size_t InitialHeapSize                          = 104857600                                 {product} {command line}
   size_t MaxHeapSize                              = 2147483648                                {product} {command line}
   size_t MaxNewSize                               = 715653120                                 {product} {ergonomic}
   size_t MinHeapDeltaBytes                        = 524288                                    {product} {ergonomic}
   size_t MinHeapSize                              = 104857600                                 {product} {command line}
   size_t NewSize                                  = 34603008                                  {product} {ergonomic}
    uintx NonNMethodCodeHeapSize                   = 5832780                                {pd product} {ergonomic}
    uintx NonProfiledCodeHeapSize                  = 122912730                              {pd product} {ergonomic}
   size_t OldSize                                  = 70254592                                  {product} {ergonomic}
    uintx ProfiledCodeHeapSize                     = 122912730                              {pd product} {ergonomic}
    uintx ReservedCodeCacheSize                    = 251658240                              {pd product} {ergonomic}
     bool SegmentedCodeCache                       = true                                      {product} {ergonomic}
   size_t SoftMaxHeapSize                          = 2147483648                             {manageable} {ergonomic}
     bool UseCompressedOops                        = true                           {product lp64_product} {ergonomic}
     bool UseLargePagesIndividualAllocation        = false                                  {pd product} {ergonomic}
     bool UseParallelGC                            = true                                      {product} {command line}

Logging:
Log output configuration:
 #0: stdout all=off uptime,level,tags foldmultilines=false
 #1: stderr all=off uptime,level,tags foldmultilines=false

Release file:
JAVA_VERSION="21.0.10" 
MODULES="java.base java.compiler java.datatransfer java.xml java.prefs java.desktop java.instrument java.logging java.management java.security.sasl java.naming java.rmi java.management.rmi java.net.http java.scripting java.security.jgss java.transaction.xa java.sql java.sql.rowset java.xml.crypto java.se java.smartcardio jdk.accessibility jdk.internal.jvmstat jdk.attach jdk.charsets jdk.internal.opt jdk.zipfs jdk.compiler jdk.crypto.ec jdk.crypto.cryptoki jdk.crypto.mscapi jdk.dynalink jdk.internal.ed jdk.editpad jdk.hotspot.agent jdk.httpserver jdk.internal.le jdk.internal.vm.ci jdk.internal.vm.compiler jdk.internal.vm.compiler.management jdk.jartool jdk.javadoc jdk.jcmd jdk.management jdk.management.agent jdk.jconsole jdk.jdeps jdk.jdwp.agent jdk.jdi jdk.jfr jdk.jshell jdk.jsobject jdk.jstatd jdk.localedata jdk.management.jfr jdk.naming.dns jdk.naming.rmi jdk.net jdk.nio.mapmode jdk.random jdk.sctp jdk.security.auth jdk.security.jgss jdk.unsupported jdk.unsupported.desktop jdk.xml.dom" 

Environment Variables:
JAVA_HOME=C:\Program Files\Eclipse Adoptium\jdk-21.0.9.10-hotspot
PATH=C:\Program Files\MySQL\MySQL Server 8.3\bin;C:\Program Files\Eclipse Adoptium\jdk-21.0.9.10-hotspot\bin;C:\Windows\system32;C:\Windows;C:\Windows\System32\Wbem;C:\Windows\System32\WindowsPowerShell\v1.0\;C:\Windows\System32\OpenSSH\;C:\Program Files (x86)\Microsoft SQL Server\160\DTS\Binn\;C:\Program Files\Azure Data Studio\bin;C:\Program Files (x86)\Microsoft SQL Server\160\Tools\Binn\;C:\Program Files\Microsoft SQL Server\160\Tools\Binn\;C:\Program Files\Microsoft SQL Server\Client SDK\ODBC\170\Tools\Binn\;C:\Program Files\Microsoft SQL Server\160\DTS\Binn\;C:\Program Files\dotnet\;C:\Program Files\php-8.1.32;C:\ProgramData\ComposerSetup\bin;C:\Program Files\Git\cmd;C:\flutter\flutter\bin;C:\Program Files\Microsoft SQL Server\150\Tools\Binn\;C:\Program Files\nodejs\;C:\Program Files\Apache\maven\apache-maven-4.0.0-rc-5\bin;C:\Program Files (x86)\Microsoft SQL Server\170\Tools\Binn\;C:\Program Files\Microsoft SQL Server\170\Tools\Binn\;C:\Program Files\Microsoft SQL Server\Client SDK\ODBC\180\Tools\Binn\;C:\Program Files\Microsoft SQL Server\170\DTS\Binn\;C:\Users\BusinessComputers.in\AppData\Local\Programs\Eclipse Adoptium\jdk-17.0.11.9-hotspot\bin;C:\Users\BusinessComputers.in\AppData\Local\Programs\Python\Python312\Scripts\;C:\Users\BusinessComputers.in\AppData\Local\Programs\Python\Python312\;C:\Users\BusinessComputers.in\AppData\Local\Microsoft\WindowsApps;C:\Users\BusinessComputers.in\AppData\Local\Programs\Microsoft VS Code\bin;C:\msys64\mingw64\bin;C:\Program Files\Azure Data Studio\bin;C:\Users\BusinessComputers.in\AppData\Roaming\Composer\vendor\bin;C:\flutter\bin;C:\Users\BusinessComputers.in\.dotnet\tools;C:\Users\BusinessComputers.in\AppData\Roaming\npm
USERNAME=BusinessComputers.in
OS=Windows_NT
PROCESSOR_IDENTIFIER=Intel64 Family 6 Model 78 Stepping 3, GenuineIntel
TMP=C:\Users\BUSINE~1.IN\AppData\Local\Temp
TEMP=C:\Users\BUSINE~1.IN\AppData\Local\Temp




Periodic native trim disabled

---------------  S Y S T E M  ---------------

OS:
 Windows 10 , 64 bit Build 19041 (10.0.19041.5915)
OS uptime: 0 days 0:51 hours

CPU: total 4 (initial active 4) (2 cores per cpu, 2 threads per core) family 6 model 78 stepping 3 microcode 0xf0, cx8, cmov, fxsr, ht, mmx, 3dnowpref, sse, sse2, sse3, ssse3, sse4.1, sse4.2, popcnt, lzcnt, tsc, tscinvbit, avx, avx2, aes, erms, clmul, bmi1, bmi2, rtm, adx, fma, vzeroupper, clflush, clflushopt, rdtscp, f16c
Processor Information for the first 4 processors :
  Max Mhz: 2501, Current Mhz: 2501, Mhz Limit: 2501

Memory: 4k page, system-wide physical 8073M (951M free)
TotalPageFile size 29243M (AvailPageFile size 16M)
current process WorkingSet (physical memory assigned to process): 842M, peak: 842M
current process commit charge ("private bytes"): 900M, peak: 908M

vm_info: OpenJDK 64-Bit Server VM (21.0.10+7-LTS) for windows-amd64 JRE (21.0.10+7-LTS), built on 2026-01-20T00:00:00Z by "admin" with MS VC++ 17.12 (VS2022)

END.
